f:\2019秋冬\面向对象程序设计\城堡游戏\the castle\the castle\debug\vc141.pdb
f:\2019秋冬\面向对象程序设计\城堡游戏\the castle\the castle\debug\vc141.idb
f:\2019秋冬\面向对象程序设计\城堡游戏\the castle\the castle\debug\room.obj
f:\2019秋冬\面向对象程序设计\城堡游戏\the castle\the castle\debug\monster.obj
f:\2019秋冬\面向对象程序设计\城堡游戏\the castle\the castle\debug\main.obj
f:\2019秋冬\面向对象程序设计\城堡游戏\the castle\the castle\debug\princess.obj
f:\2019秋冬\面向对象程序设计\城堡游戏\the castle\the castle\debug\sword.obj
f:\2019秋冬\面向对象程序设计\城堡游戏\the castle\the castle\debug\key.obj
f:\2019秋冬\面向对象程序设计\城堡游戏\the castle\the castle\debug\game.obj
f:\2019秋冬\面向对象程序设计\城堡游戏\the castle\debug\the castle.exe
f:\2019秋冬\面向对象程序设计\城堡游戏\the castle\debug\the castle.ilk
f:\2019秋冬\面向对象程序设计\城堡游戏\the castle\debug\the castle.pdb
f:\2019秋冬\面向对象程序设计\城堡游戏\the castle\the castle\debug\main.new.obj.enc
f:\2019秋冬\面向对象程序设计\城堡游戏\the castle\the castle\debug\the castle.tlog\cl.command.1.tlog
f:\2019秋冬\面向对象程序设计\城堡游戏\the castle\the castle\debug\the castle.tlog\cl.read.1.tlog
f:\2019秋冬\面向对象程序设计\城堡游戏\the castle\the castle\debug\the castle.tlog\cl.write.1.tlog
f:\2019秋冬\面向对象程序设计\城堡游戏\the castle\the castle\debug\the castle.tlog\link.143628-cvtres.read.1.tlog
f:\2019秋冬\面向对象程序设计\城堡游戏\the castle\the castle\debug\the castle.tlog\link.143628-cvtres.write.1.tlog
f:\2019秋冬\面向对象程序设计\城堡游戏\the castle\the castle\debug\the castle.tlog\link.143628-rc.read.1.tlog
f:\2019秋冬\面向对象程序设计\城堡游戏\the castle\the castle\debug\the castle.tlog\link.143628-rc.write.1.tlog
f:\2019秋冬\面向对象程序设计\城堡游戏\the castle\the castle\debug\the castle.tlog\link.143628.read.1.tlog
f:\2019秋冬\面向对象程序设计\城堡游戏\the castle\the castle\debug\the castle.tlog\link.143628.write.1.tlog
f:\2019秋冬\面向对象程序设计\城堡游戏\the castle\the castle\debug\the castle.tlog\link.command.1.tlog
f:\2019秋冬\面向对象程序设计\城堡游戏\the castle\the castle\debug\the castle.tlog\link.read.1.tlog
f:\2019秋冬\面向对象程序设计\城堡游戏\the castle\the castle\debug\the castle.tlog\link.write.1.tlog
